 BELLHOP/BELLHOP3D

 BELLHOP- f= 10000 _ sD= 4.5 _ beamhalfwidth= 0 _ bathymetryType= const_52.00 _ s
 frequency =  0.1000E+05 Hz

 Dummy parameter NMedia =            1

     C-linear approximation to SSP
     Attenuation units: dB/wavelength
     THORP volume attenuation added
     VACUUM

 Depth =      52.00 m

 Sound speed profile:
   z (m)     alphaR (m/s)   betaR  rho (g/cm^3)  alphaI     betaI

      0.00      1500.00      0.00     1.00       0.0000    0.0000
      0.05      1500.00      0.00     1.00       0.0000    0.0000
      0.10      1500.00      0.00     1.00       0.0000    0.0000
      0.16      1500.00      0.00     1.00       0.0000    0.0000
      0.21      1500.00      0.00     1.00       0.0000    0.0000
      0.26      1500.00      0.00     1.00       0.0000    0.0000
      0.31      1500.00      0.00     1.00       0.0000    0.0000
      0.36      1500.00      0.00     1.00       0.0000    0.0000
      0.42      1500.00      0.00     1.00       0.0000    0.0000
      0.47      1500.00      0.00     1.00       0.0000    0.0000
      0.52      1500.00      0.00     1.00       0.0000    0.0000
      0.57      1500.00      0.00     1.00       0.0000    0.0000
      0.62      1500.00      0.00     1.00       0.0000    0.0000
      0.68      1500.00      0.00     1.00       0.0000    0.0000
      0.73      1500.00      0.00     1.00       0.0000    0.0000
      0.78      1500.00      0.00     1.00       0.0000    0.0000
      0.83      1500.00      0.00     1.00       0.0000    0.0000
      0.88      1500.00      0.00     1.00       0.0000    0.0000
      0.94      1500.00      0.00     1.00       0.0000    0.0000
      0.99      1500.00      0.00     1.00       0.0000    0.0000
      1.04      1500.00      0.00     1.00       0.0000    0.0000
      1.09      1500.00      0.00     1.00       0.0000    0.0000
      1.15      1500.00      0.00     1.00       0.0000    0.0000
      1.20      1500.00      0.00     1.00       0.0000    0.0000
      1.25      1500.00      0.00     1.00       0.0000    0.0000
      1.30      1500.00      0.00     1.00       0.0000    0.0000
      1.35      1500.00      0.00     1.00       0.0000    0.0000
      1.41      1500.00      0.00     1.00       0.0000    0.0000
      1.46      1500.00      0.00     1.00       0.0000    0.0000
      1.51      1500.00      0.00     1.00       0.0000    0.0000
      1.56      1500.00      0.00     1.00       0.0000    0.0000
      1.61      1500.00      0.00     1.00       0.0000    0.0000
      1.67      1500.00      0.00     1.00       0.0000    0.0000
      1.72      1500.00      0.00     1.00       0.0000    0.0000
      1.77      1500.00      0.00     1.00       0.0000    0.0000
      1.82      1500.00      0.00     1.00       0.0000    0.0000
      1.87      1500.00      0.00     1.00       0.0000    0.0000
      1.93      1500.00      0.00     1.00       0.0000    0.0000
      1.98      1500.00      0.00     1.00       0.0000    0.0000
      2.03      1500.00      0.00     1.00       0.0000    0.0000
      2.08      1500.00      0.00     1.00       0.0000    0.0000
      2.13      1500.00      0.00     1.00       0.0000    0.0000
      2.19      1500.00      0.00     1.00       0.0000    0.0000
      2.24      1500.00      0.00     1.00       0.0000    0.0000
      2.29      1500.00      0.00     1.00       0.0000    0.0000
      2.34      1500.00      0.00     1.00       0.0000    0.0000
      2.39      1500.00      0.00     1.00       0.0000    0.0000
      2.45      1500.00      0.00     1.00       0.0000    0.0000
      2.50      1500.00      0.00     1.00       0.0000    0.0000
      2.55      1500.00      0.00     1.00       0.0000    0.0000
      2.60      1500.00      0.00     1.00       0.0000    0.0000
      2.65      1500.00      0.00     1.00       0.0000    0.0000
      2.71      1500.00      0.00     1.00       0.0000    0.0000
      2.76      1500.00      0.00     1.00       0.0000    0.0000
      2.81      1500.00      0.00     1.00       0.0000    0.0000
      2.86      1500.00      0.00     1.00       0.0000    0.0000
      2.91      1500.00      0.00     1.00       0.0000    0.0000
      2.97      1500.00      0.00     1.00       0.0000    0.0000
      3.02      1500.00      0.00     1.00       0.0000    0.0000
      3.07      1500.00      0.00     1.00       0.0000    0.0000
      3.12      1500.00      0.00     1.00       0.0000    0.0000
      3.18      1500.00      0.00     1.00       0.0000    0.0000
      3.23      1500.00      0.00     1.00       0.0000    0.0000
      3.28      1500.00      0.00     1.00       0.0000    0.0000
      3.33      1500.00      0.00     1.00       0.0000    0.0000
      3.38      1500.00      0.00     1.00       0.0000    0.0000
      3.44      1500.00      0.00     1.00       0.0000    0.0000
      3.49      1500.00      0.00     1.00       0.0000    0.0000
      3.54      1500.00      0.00     1.00       0.0000    0.0000
      3.59      1500.00      0.00     1.00       0.0000    0.0000
      3.64      1500.00      0.00     1.00       0.0000    0.0000
      3.70      1500.00      0.00     1.00       0.0000    0.0000
      3.75      1500.00      0.00     1.00       0.0000    0.0000
      3.80      1500.00      0.00     1.00       0.0000    0.0000
      3.85      1500.00      0.00     1.00       0.0000    0.0000
      3.90      1500.00      0.00     1.00       0.0000    0.0000
      3.96      1500.00      0.00     1.00       0.0000    0.0000
      4.01      1500.00      0.00     1.00       0.0000    0.0000
      4.06      1500.00      0.00     1.00       0.0000    0.0000
      4.11      1500.00      0.00     1.00       0.0000    0.0000
      4.16      1500.00      0.00     1.00       0.0000    0.0000
      4.22      1500.00      0.00     1.00       0.0000    0.0000
      4.27      1500.00      0.00     1.00       0.0000    0.0000
      4.32      1500.00      0.00     1.00       0.0000    0.0000
      4.37      1500.00      0.00     1.00       0.0000    0.0000
      4.42      1500.00      0.00     1.00       0.0000    0.0000
      4.48      1500.00      0.00     1.00       0.0000    0.0000
      4.53      1500.00      0.00     1.00       0.0000    0.0000
      4.58      1500.00      0.00     1.00       0.0000    0.0000
      4.63      1500.00      0.00     1.00       0.0000    0.0000
      4.68      1500.00      0.00     1.00       0.0000    0.0000
      4.74      1500.00      0.00     1.00       0.0000    0.0000
      4.79      1500.00      0.00     1.00       0.0000    0.0000
      4.84      1500.00      0.00     1.00       0.0000    0.0000
      4.89      1500.00      0.00     1.00       0.0000    0.0000
      4.94      1500.00      0.00     1.00       0.0000    0.0000
      5.00      1500.00      0.00     1.00       0.0000    0.0000
      5.05      1500.00      0.00     1.00       0.0000    0.0000
      5.10      1500.00      0.00     1.00       0.0000    0.0000
      5.15      1500.00      0.00     1.00       0.0000    0.0000
      5.21      1500.00      0.00     1.00       0.0000    0.0000
      5.26      1500.00      0.00     1.00       0.0000    0.0000
      5.31      1500.00      0.00     1.00       0.0000    0.0000
      5.36      1500.00      0.00     1.00       0.0000    0.0000
      5.41      1500.00      0.00     1.00       0.0000    0.0000
      5.47      1500.00      0.00     1.00       0.0000    0.0000
      5.52      1500.00      0.00     1.00       0.0000    0.0000
      5.57      1500.00      0.00     1.00       0.0000    0.0000
      5.62      1500.00      0.00     1.00       0.0000    0.0000
      5.67      1500.00      0.00     1.00       0.0000    0.0000
      5.73      1500.00      0.00     1.00       0.0000    0.0000
      5.78      1500.00      0.00     1.00       0.0000    0.0000
      5.83      1500.00      0.00     1.00       0.0000    0.0000
      5.88      1500.00      0.00     1.00       0.0000    0.0000
      5.93      1500.00      0.00     1.00       0.0000    0.0000
      5.99      1500.00      0.00     1.00       0.0000    0.0000
      6.04      1500.00      0.00     1.00       0.0000    0.0000
      6.09      1500.00      0.00     1.00       0.0000    0.0000
      6.14      1500.00      0.00     1.00       0.0000    0.0000
      6.19      1500.00      0.00     1.00       0.0000    0.0000
      6.25      1500.00      0.00     1.00       0.0000    0.0000
      6.30      1500.00      0.00     1.00       0.0000    0.0000
      6.35      1500.00      0.00     1.00       0.0000    0.0000
      6.40      1500.00      0.00     1.00       0.0000    0.0000
      6.45      1500.00      0.00     1.00       0.0000    0.0000
      6.51      1500.00      0.00     1.00       0.0000    0.0000
      6.56      1500.00      0.00     1.00       0.0000    0.0000
      6.61      1500.00      0.00     1.00       0.0000    0.0000
      6.66      1500.00      0.00     1.00       0.0000    0.0000
      6.71      1500.00      0.00     1.00       0.0000    0.0000
      6.77      1500.00      0.00     1.00       0.0000    0.0000
      6.82      1500.00      0.00     1.00       0.0000    0.0000
      6.87      1500.00      0.00     1.00       0.0000    0.0000
      6.92      1500.00      0.00     1.00       0.0000    0.0000
      6.97      1500.00      0.00     1.00       0.0000    0.0000
      7.03      1500.00      0.00     1.00       0.0000    0.0000
      7.08      1500.00      0.00     1.00       0.0000    0.0000
      7.13      1500.00      0.00     1.00       0.0000    0.0000
      7.18      1500.00      0.00     1.00       0.0000    0.0000
      7.24      1500.00      0.00     1.00       0.0000    0.0000
      7.29      1500.00      0.00     1.00       0.0000    0.0000
      7.34      1500.00      0.00     1.00       0.0000    0.0000
      7.39      1500.00      0.00     1.00       0.0000    0.0000
      7.44      1500.00      0.00     1.00       0.0000    0.0000
      7.50      1500.00      0.00     1.00       0.0000    0.0000
      7.55      1500.00      0.00     1.00       0.0000    0.0000
      7.60      1500.00      0.00     1.00       0.0000    0.0000
      7.65      1500.00      0.00     1.00       0.0000    0.0000
      7.70      1500.00      0.00     1.00       0.0000    0.0000
      7.76      1500.00      0.00     1.00       0.0000    0.0000
      7.81      1500.00      0.00     1.00       0.0000    0.0000
      7.86      1500.00      0.00     1.00       0.0000    0.0000
      7.91      1500.00      0.00     1.00       0.0000    0.0000
      7.96      1500.00      0.00     1.00       0.0000    0.0000
      8.02      1500.00      0.00     1.00       0.0000    0.0000
      8.07      1500.00      0.00     1.00       0.0000    0.0000
      8.12      1500.00      0.00     1.00       0.0000    0.0000
      8.17      1500.00      0.00     1.00       0.0000    0.0000
      8.22      1500.00      0.00     1.00       0.0000    0.0000
      8.28      1500.00      0.00     1.00       0.0000    0.0000
      8.33      1500.00      0.00     1.00       0.0000    0.0000
      8.38      1500.00      0.00     1.00       0.0000    0.0000
      8.43      1500.00      0.00     1.00       0.0000    0.0000
      8.48      1500.00      0.00     1.00       0.0000    0.0000
      8.54      1500.00      0.00     1.00       0.0000    0.0000
      8.59      1500.00      0.00     1.00       0.0000    0.0000
      8.64      1500.00      0.00     1.00       0.0000    0.0000
      8.69      1500.00      0.00     1.00       0.0000    0.0000
      8.74      1500.00      0.00     1.00       0.0000    0.0000
      8.80      1500.00      0.00     1.00       0.0000    0.0000
      8.85      1500.00      0.00     1.00       0.0000    0.0000
      8.90      1500.00      0.00     1.00       0.0000    0.0000
      8.95      1500.00      0.00     1.00       0.0000    0.0000
      9.01      1500.00      0.00     1.00       0.0000    0.0000
      9.06      1500.00      0.00     1.00       0.0000    0.0000
      9.11      1500.00      0.00     1.00       0.0000    0.0000
      9.16      1500.00      0.00     1.00       0.0000    0.0000
      9.21      1500.00      0.00     1.00       0.0000    0.0000
      9.27      1500.00      0.00     1.00       0.0000    0.0000
      9.32      1500.00      0.00     1.00       0.0000    0.0000
      9.37      1500.00      0.00     1.00       0.0000    0.0000
      9.42      1500.00      0.00     1.00       0.0000    0.0000
      9.47      1500.00      0.00     1.00       0.0000    0.0000
      9.53      1500.00      0.00     1.00       0.0000    0.0000
      9.58      1500.00      0.00     1.00       0.0000    0.0000
      9.63      1500.00      0.00     1.00       0.0000    0.0000
      9.68      1500.00      0.00     1.00       0.0000    0.0000
      9.73      1500.00      0.00     1.00       0.0000    0.0000
      9.79      1500.00      0.00     1.00       0.0000    0.0000
      9.84      1500.00      0.00     1.00       0.0000    0.0000
      9.89      1500.00      0.00     1.00       0.0000    0.0000
      9.94      1500.00      0.00     1.00       0.0000    0.0000
      9.99      1500.00      0.00     1.00       0.0000    0.0000
     10.05      1500.00      0.00     1.00       0.0000    0.0000
     10.10      1500.00      0.00     1.00       0.0000    0.0000
     10.15      1500.00      0.00     1.00       0.0000    0.0000
     10.20      1500.00      0.00     1.00       0.0000    0.0000
     10.25      1500.00      0.00     1.00       0.0000    0.0000
     10.31      1500.00      0.00     1.00       0.0000    0.0000
     10.36      1500.00      0.00     1.00       0.0000    0.0000
     10.41      1500.00      0.00     1.00       0.0000    0.0000
     10.46      1500.00      0.00     1.00       0.0000    0.0000
     10.51      1500.00      0.00     1.00       0.0000    0.0000
     10.57      1500.00      0.00     1.00       0.0000    0.0000
     10.62      1500.00      0.00     1.00       0.0000    0.0000
     10.67      1500.00      0.00     1.00       0.0000    0.0000
     10.72      1500.00      0.00     1.00       0.0000    0.0000
     10.77      1500.00      0.00     1.00       0.0000    0.0000
     10.83      1500.00      0.00     1.00       0.0000    0.0000
     10.88      1500.00      0.00     1.00       0.0000    0.0000
     10.93      1500.00      0.00     1.00       0.0000    0.0000
     10.98      1500.00      0.00     1.00       0.0000    0.0000
     11.04      1500.00      0.00     1.00       0.0000    0.0000
     11.09      1500.00      0.00     1.00       0.0000    0.0000
     11.14      1500.00      0.00     1.00       0.0000    0.0000
     11.19      1500.00      0.00     1.00       0.0000    0.0000
     11.24      1500.00      0.00     1.00       0.0000    0.0000
     11.30      1500.00      0.00     1.00       0.0000    0.0000
     11.35      1500.00      0.00     1.00       0.0000    0.0000
     11.40      1500.00      0.00     1.00       0.0000    0.0000
     11.45      1500.00      0.00     1.00       0.0000    0.0000
     11.50      1500.00      0.00     1.00       0.0000    0.0000
     11.56      1500.00      0.00     1.00       0.0000    0.0000
     11.61      1500.00      0.00     1.00       0.0000    0.0000
     11.66      1500.00      0.00     1.00       0.0000    0.0000
     11.71      1500.00      0.00     1.00       0.0000    0.0000
     11.76      1500.00      0.00     1.00       0.0000    0.0000
     11.82      1500.00      0.00     1.00       0.0000    0.0000
     11.87      1500.00      0.00     1.00       0.0000    0.0000
     11.92      1500.00      0.00     1.00       0.0000    0.0000
     11.97      1500.00      0.00     1.00       0.0000    0.0000
     12.02      1500.00      0.00     1.00       0.0000    0.0000
     12.08      1500.00      0.00     1.00       0.0000    0.0000
     12.13      1500.00      0.00     1.00       0.0000    0.0000
     12.18      1500.00      0.00     1.00       0.0000    0.0000
     12.23      1500.00      0.00     1.00       0.0000    0.0000
     12.28      1500.00      0.00     1.00       0.0000    0.0000
     12.34      1500.00      0.00     1.00       0.0000    0.0000
     12.39      1500.00      0.00     1.00       0.0000    0.0000
     12.44      1500.00      0.00     1.00       0.0000    0.0000
     12.49      1500.00      0.00     1.00       0.0000    0.0000
     12.54      1500.00      0.00     1.00       0.0000    0.0000
     12.60      1500.00      0.00     1.00       0.0000    0.0000
     12.65      1500.00      0.00     1.00       0.0000    0.0000
     12.70      1500.00      0.00     1.00       0.0000    0.0000
     12.75      1500.00      0.00     1.00       0.0000    0.0000
     12.80      1500.00      0.00     1.00       0.0000    0.0000
     12.86      1500.00      0.00     1.00       0.0000    0.0000
     12.91      1500.00      0.00     1.00       0.0000    0.0000
     12.96      1500.00      0.00     1.00       0.0000    0.0000
     13.01      1500.00      0.00     1.00       0.0000    0.0000
     13.07      1500.00      0.00     1.00       0.0000    0.0000
     13.12      1500.00      0.00     1.00       0.0000    0.0000
     13.17      1500.00      0.00     1.00       0.0000    0.0000
     13.22      1500.00      0.00     1.00       0.0000    0.0000
     13.27      1500.00      0.00     1.00       0.0000    0.0000
     13.33      1500.00      0.00     1.00       0.0000    0.0000
     13.38      1500.00      0.00     1.00       0.0000    0.0000
     13.43      1500.00      0.00     1.00       0.0000    0.0000
     13.48      1500.00      0.00     1.00       0.0000    0.0000
     13.53      1500.00      0.00     1.00       0.0000    0.0000
     13.59      1500.00      0.00     1.00       0.0000    0.0000
     13.64      1500.00      0.00     1.00       0.0000    0.0000
     13.69      1500.00      0.00     1.00       0.0000    0.0000
     13.74      1500.00      0.00     1.00       0.0000    0.0000
     13.79      1500.00      0.00     1.00       0.0000    0.0000
     13.85      1500.00      0.00     1.00       0.0000    0.0000
     13.90      1500.00      0.00     1.00       0.0000    0.0000
     13.95      1500.00      0.00     1.00       0.0000    0.0000
     14.00      1500.00      0.00     1.00       0.0000    0.0000
     14.05      1500.00      0.00     1.00       0.0000    0.0000
     14.11      1500.00      0.00     1.00       0.0000    0.0000
     14.16      1500.00      0.00     1.00       0.0000    0.0000
     14.21      1500.00      0.00     1.00       0.0000    0.0000
     14.26      1500.00      0.00     1.00       0.0000    0.0000
     14.31      1500.00      0.00     1.00       0.0000    0.0000
     14.37      1500.00      0.00     1.00       0.0000    0.0000
     14.42      1500.00      0.00     1.00       0.0000    0.0000
     14.47      1500.00      0.00     1.00       0.0000    0.0000
     14.52      1500.00      0.00     1.00       0.0000    0.0000
     14.57      1500.00      0.00     1.00       0.0000    0.0000
     14.63      1500.00      0.00     1.00       0.0000    0.0000
     14.68      1500.00      0.00     1.00       0.0000    0.0000
     14.73      1500.00      0.00     1.00       0.0000    0.0000
     14.78      1500.00      0.00     1.00       0.0000    0.0000
     14.83      1500.00      0.00     1.00       0.0000    0.0000
     14.89      1500.00      0.00     1.00       0.0000    0.0000
     14.94      1500.00      0.00     1.00       0.0000    0.0000
     14.99      1500.00      0.00     1.00       0.0000    0.0000
     15.04      1500.00      0.00     1.00       0.0000    0.0000
     15.10      1500.00      0.00     1.00       0.0000    0.0000
     15.15      1500.00      0.00     1.00       0.0000    0.0000
     15.20      1500.00      0.00     1.00       0.0000    0.0000
     15.25      1500.00      0.00     1.00       0.0000    0.0000
     15.30      1500.00      0.00     1.00       0.0000    0.0000
     15.36      1500.00      0.00     1.00       0.0000    0.0000
     15.41      1500.00      0.00     1.00       0.0000    0.0000
     15.46      1500.00      0.00     1.00       0.0000    0.0000
     15.51      1500.00      0.00     1.00       0.0000    0.0000
     15.56      1500.00      0.00     1.00       0.0000    0.0000
     15.62      1500.00      0.00     1.00       0.0000    0.0000
     15.67      1500.00      0.00     1.00       0.0000    0.0000
     15.72      1500.00      0.00     1.00       0.0000    0.0000
     15.77      1500.00      0.00     1.00       0.0000    0.0000
     15.82      1500.00      0.00     1.00       0.0000    0.0000
     15.88      1500.00      0.00     1.00       0.0000    0.0000
     15.93      1500.00      0.00     1.00       0.0000    0.0000
     15.98      1500.00      0.00     1.00       0.0000    0.0000
     16.03      1500.00      0.00     1.00       0.0000    0.0000
     16.08      1500.00      0.00     1.00       0.0000    0.0000
     16.14      1500.00      0.00     1.00       0.0000    0.0000
     16.19      1500.00      0.00     1.00       0.0000    0.0000
     16.24      1500.00      0.00     1.00       0.0000    0.0000
     16.29      1500.00      0.00     1.00       0.0000    0.0000
     16.34      1500.00      0.00     1.00       0.0000    0.0000
     16.40      1500.00      0.00     1.00       0.0000    0.0000
     16.45      1500.00      0.00     1.00       0.0000    0.0000
     16.50      1500.00      0.00     1.00       0.0000    0.0000
     16.55      1500.00      0.00     1.00       0.0000    0.0000
     16.60      1500.00      0.00     1.00       0.0000    0.0000
     16.66      1500.00      0.00     1.00       0.0000    0.0000
     16.71      1500.00      0.00     1.00       0.0000    0.0000
     16.76      1500.00      0.00     1.00       0.0000    0.0000
     16.81      1500.00      0.00     1.00       0.0000    0.0000
     16.86      1500.00      0.00     1.00       0.0000    0.0000
     16.92      1500.00      0.00     1.00       0.0000    0.0000
     16.97      1500.00      0.00     1.00       0.0000    0.0000
     17.02      1500.00      0.00     1.00       0.0000    0.0000
     17.07      1500.00      0.00     1.00       0.0000    0.0000
     17.13      1500.00      0.00     1.00       0.0000    0.0000
     17.18      1500.00      0.00     1.00       0.0000    0.0000
     17.23      1500.00      0.00     1.00       0.0000    0.0000
     17.28      1500.00      0.00     1.00       0.0000    0.0000
     17.33      1500.00      0.00     1.00       0.0000    0.0000
     17.39      1500.00      0.00     1.00       0.0000    0.0000
     17.44      1500.00      0.00     1.00       0.0000    0.0000
     17.49      1500.00      0.00     1.00       0.0000    0.0000
     17.54      1500.00      0.00     1.00       0.0000    0.0000
     17.59      1500.00      0.00     1.00       0.0000    0.0000
     17.65      1500.00      0.00     1.00       0.0000    0.0000
     17.70      1500.00      0.00     1.00       0.0000    0.0000
     17.75      1500.00      0.00     1.00       0.0000    0.0000
     17.80      1500.00      0.00     1.00       0.0000    0.0000
     17.85      1500.00      0.00     1.00       0.0000    0.0000
     17.91      1500.00      0.00     1.00       0.0000    0.0000
     17.96      1500.00      0.00     1.00       0.0000    0.0000
     18.01      1500.00      0.00     1.00       0.0000    0.0000
     18.06      1500.00      0.00     1.00       0.0000    0.0000
     18.11      1500.00      0.00     1.00       0.0000    0.0000
     18.17      1500.00      0.00     1.00       0.0000    0.0000
     18.22      1500.00      0.00     1.00       0.0000    0.0000
     18.27      1500.00      0.00     1.00       0.0000    0.0000
     18.32      1500.00      0.00     1.00       0.0000    0.0000
     18.37      1500.00      0.00     1.00       0.0000    0.0000
     18.43      1500.00      0.00     1.00       0.0000    0.0000
     18.48      1500.00      0.00     1.00       0.0000    0.0000
     18.53      1500.00      0.00     1.00       0.0000    0.0000
     18.58      1500.00      0.00     1.00       0.0000    0.0000
     18.63      1500.00      0.00     1.00       0.0000    0.0000
     18.69      1500.00      0.00     1.00       0.0000    0.0000
     18.74      1500.00      0.00     1.00       0.0000    0.0000
     18.79      1500.00      0.00     1.00       0.0000    0.0000
     18.84      1500.00      0.00     1.00       0.0000    0.0000
     18.89      1500.00      0.00     1.00       0.0000    0.0000
     18.95      1500.00      0.00     1.00       0.0000    0.0000
     19.00      1500.00      0.00     1.00       0.0000    0.0000
     19.05      1500.00      0.00     1.00       0.0000    0.0000
     19.10      1500.00      0.00     1.00       0.0000    0.0000
     19.16      1500.00      0.00     1.00       0.0000    0.0000
     19.21      1500.00      0.00     1.00       0.0000    0.0000
     19.26      1500.00      0.00     1.00       0.0000    0.0000
     19.31      1500.00      0.00     1.00       0.0000    0.0000
     19.36      1500.00      0.00     1.00       0.0000    0.0000
     19.42      1500.00      0.00     1.00       0.0000    0.0000
     19.47      1500.00      0.00     1.00       0.0000    0.0000
     19.52      1500.00      0.00     1.00       0.0000    0.0000
     19.57      1500.00      0.00     1.00       0.0000    0.0000
     19.62      1500.00      0.00     1.00       0.0000    0.0000
     19.68      1500.00      0.00     1.00       0.0000    0.0000
     19.73      1500.00      0.00     1.00       0.0000    0.0000
     19.78      1500.00      0.00     1.00       0.0000    0.0000
     19.83      1500.00      0.00     1.00       0.0000    0.0000
     19.88      1500.00      0.00     1.00       0.0000    0.0000
     19.94      1500.00      0.00     1.00       0.0000    0.0000
     19.99      1500.00      0.00     1.00       0.0000    0.0000
     20.04      1500.00      0.00     1.00       0.0000    0.0000
     20.09      1500.00      0.00     1.00       0.0000    0.0000
     20.14      1500.00      0.00     1.00       0.0000    0.0000
     20.20      1500.00      0.00     1.00       0.0000    0.0000
     20.25      1500.00      0.00     1.00       0.0000    0.0000
     20.30      1500.00      0.00     1.00       0.0000    0.0000
     20.35      1500.00      0.00     1.00       0.0000    0.0000
     20.40      1500.00      0.00     1.00       0.0000    0.0000
     20.46      1500.00      0.00     1.00       0.0000    0.0000
     20.51      1500.00      0.00     1.00       0.0000    0.0000
     20.56      1500.00      0.00     1.00       0.0000    0.0000
     20.61      1500.00      0.00     1.00       0.0000    0.0000
     20.66      1500.00      0.00     1.00       0.0000    0.0000
     20.72      1500.00      0.00     1.00       0.0000    0.0000
     20.77      1500.00      0.00     1.00       0.0000    0.0000
     20.82      1500.00      0.00     1.00       0.0000    0.0000
     20.87      1500.00      0.00     1.00       0.0000    0.0000
     20.92      1500.00      0.00     1.00       0.0000    0.0000
     20.98      1500.00      0.00     1.00       0.0000    0.0000
     21.03      1500.00      0.00     1.00       0.0000    0.0000
     21.08      1500.00      0.00     1.00       0.0000    0.0000
     21.13      1500.00      0.00     1.00       0.0000    0.0000
     21.19      1500.00      0.00     1.00       0.0000    0.0000
     21.24      1500.00      0.00     1.00       0.0000    0.0000
     21.29      1500.00      0.00     1.00       0.0000    0.0000
     21.34      1500.00      0.00     1.00       0.0000    0.0000
     21.39      1500.00      0.00     1.00       0.0000    0.0000
     21.45      1500.00      0.00     1.00       0.0000    0.0000
     21.50      1500.00      0.00     1.00       0.0000    0.0000
     21.55      1500.00      0.00     1.00       0.0000    0.0000
     21.60      1500.00      0.00     1.00       0.0000    0.0000
     21.65      1500.00      0.00     1.00       0.0000    0.0000
     21.71      1500.00      0.00     1.00       0.0000    0.0000
     21.76      1500.00      0.00     1.00       0.0000    0.0000
     21.81      1500.00      0.00     1.00       0.0000    0.0000
     21.86      1500.00      0.00     1.00       0.0000    0.0000
     21.91      1500.00      0.00     1.00       0.0000    0.0000
     21.97      1500.00      0.00     1.00       0.0000    0.0000
     22.02      1500.00      0.00     1.00       0.0000    0.0000
     22.07      1500.00      0.00     1.00       0.0000    0.0000
     22.12      1500.00      0.00     1.00       0.0000    0.0000
     22.17      1500.00      0.00     1.00       0.0000    0.0000
     22.23      1500.00      0.00     1.00       0.0000    0.0000
     22.28      1500.00      0.00     1.00       0.0000    0.0000
     22.33      1500.00      0.00     1.00       0.0000    0.0000
     22.38      1500.00      0.00     1.00       0.0000    0.0000
     22.43      1500.00      0.00     1.00       0.0000    0.0000
     22.49      1500.00      0.00     1.00       0.0000    0.0000
     22.54      1500.00      0.00     1.00       0.0000    0.0000
     22.59      1500.00      0.00     1.00       0.0000    0.0000
     22.64      1500.00      0.00     1.00       0.0000    0.0000
     22.69      1500.00      0.00     1.00       0.0000    0.0000
     22.75      1500.00      0.00     1.00       0.0000    0.0000
     22.80      1500.00      0.00     1.00       0.0000    0.0000
     22.85      1500.00      0.00     1.00       0.0000    0.0000
     22.90      1500.00      0.00     1.00       0.0000    0.0000
     22.95      1500.00      0.00     1.00       0.0000    0.0000
     23.01      1500.00      0.00     1.00       0.0000    0.0000
     23.06      1500.00      0.00     1.00       0.0000    0.0000
     23.11      1500.00      0.00     1.00       0.0000    0.0000
     23.16      1500.00      0.00     1.00       0.0000    0.0000
     23.22      1500.00      0.00     1.00       0.0000    0.0000
     23.27      1500.00      0.00     1.00       0.0000    0.0000
     23.32      1500.00      0.00     1.00       0.0000    0.0000
     23.37      1500.00      0.00     1.00       0.0000    0.0000
     23.42      1500.00      0.00     1.00       0.0000    0.0000
     23.48      1500.00      0.00     1.00       0.0000    0.0000
     23.53      1500.00      0.00     1.00       0.0000    0.0000
     23.58      1500.00      0.00     1.00       0.0000    0.0000
     23.63      1500.00      0.00     1.00       0.0000    0.0000
     23.68      1500.00      0.00     1.00       0.0000    0.0000
     23.74      1500.00      0.00     1.00       0.0000    0.0000
     23.79      1500.00      0.00     1.00       0.0000    0.0000
     23.84      1500.00      0.00     1.00       0.0000    0.0000
     23.89      1500.00      0.00     1.00       0.0000    0.0000
     23.94      1500.00      0.00     1.00       0.0000    0.0000
     24.00      1500.00      0.00     1.00       0.0000    0.0000
     24.05      1500.00      0.00     1.00       0.0000    0.0000
     24.10      1500.00      0.00     1.00       0.0000    0.0000
     24.15      1500.00      0.00     1.00       0.0000    0.0000
     24.20      1500.00      0.00     1.00       0.0000    0.0000
     24.26      1500.00      0.00     1.00       0.0000    0.0000
     24.31      1500.00      0.00     1.00       0.0000    0.0000
     24.36      1500.00      0.00     1.00       0.0000    0.0000
     24.41      1500.00      0.00     1.00       0.0000    0.0000
     24.46      1500.00      0.00     1.00       0.0000    0.0000
     24.52      1500.00      0.00     1.00       0.0000    0.0000
     24.57      1500.00      0.00     1.00       0.0000    0.0000
     24.62      1500.00      0.00     1.00       0.0000    0.0000
     24.67      1500.00      0.00     1.00       0.0000    0.0000
     24.72      1500.00      0.00     1.00       0.0000    0.0000
     24.78      1500.00      0.00     1.00       0.0000    0.0000
     24.83      1500.00      0.00     1.00       0.0000    0.0000
     24.88      1500.00      0.00     1.00       0.0000    0.0000
     24.93      1500.00      0.00     1.00       0.0000    0.0000
     24.98      1500.00      0.00     1.00       0.0000    0.0000
     25.04      1500.00      0.00     1.00       0.0000    0.0000
     25.09      1500.00      0.00     1.00       0.0000    0.0000
     25.14      1500.00      0.00     1.00       0.0000    0.0000
     25.19      1500.00      0.00     1.00       0.0000    0.0000
     25.25      1500.00      0.00     1.00       0.0000    0.0000
     25.30      1500.00      0.00     1.00       0.0000    0.0000
     25.35      1500.00      0.00     1.00       0.0000    0.0000
     25.40      1500.00      0.00     1.00       0.0000    0.0000
     25.45      1500.00      0.00     1.00       0.0000    0.0000
     25.51      1500.00      0.00     1.00       0.0000    0.0000
     25.56      1500.00      0.00     1.00       0.0000    0.0000
     25.61      1500.00      0.00     1.00       0.0000    0.0000
     25.66      1500.00      0.00     1.00       0.0000    0.0000
     25.71      1500.00      0.00     1.00       0.0000    0.0000
     25.77      1500.00      0.00     1.00       0.0000    0.0000
     25.82      1500.00      0.00     1.00       0.0000    0.0000
     25.87      1500.00      0.00     1.00       0.0000    0.0000
     25.92      1500.00      0.00     1.00       0.0000    0.0000
     25.97      1500.00      0.00     1.00       0.0000    0.0000
     26.03      1500.00      0.00     1.00       0.0000    0.0000
     26.08      1500.00      0.00     1.00       0.0000    0.0000
     26.13      1500.00      0.00     1.00       0.0000    0.0000
     26.18      1500.00      0.00     1.00       0.0000    0.0000
     26.23      1500.00      0.00     1.00       0.0000    0.0000
     26.29      1500.00      0.00     1.00       0.0000    0.0000
     26.34      1500.00      0.00     1.00       0.0000    0.0000
     26.39      1500.00      0.00     1.00       0.0000    0.0000
     26.44      1500.00      0.00     1.00       0.0000    0.0000
     26.49      1500.00      0.00     1.00       0.0000    0.0000
     26.55      1500.00      0.00     1.00       0.0000    0.0000
     26.60      1500.00      0.00     1.00       0.0000    0.0000
     26.65      1500.00      0.00     1.00       0.0000    0.0000
     26.70      1500.00      0.00     1.00       0.0000    0.0000
     26.75      1500.00      0.00     1.00       0.0000    0.0000
     26.81      1500.00      0.00     1.00       0.0000    0.0000
     26.86      1500.00      0.00     1.00       0.0000    0.0000
     26.91      1500.00      0.00     1.00       0.0000    0.0000
     26.96      1500.00      0.00     1.00       0.0000    0.0000
     27.02      1500.00      0.00     1.00       0.0000    0.0000
     27.07      1500.00      0.00     1.00       0.0000    0.0000
     27.12      1500.00      0.00     1.00       0.0000    0.0000
     27.17      1500.00      0.00     1.00       0.0000    0.0000
     27.22      1500.00      0.00     1.00       0.0000    0.0000
     27.28      1500.00      0.00     1.00       0.0000    0.0000
     27.33      1500.00      0.00     1.00       0.0000    0.0000
     27.38      1500.00      0.00     1.00       0.0000    0.0000
     27.43      1500.00      0.00     1.00       0.0000    0.0000
     27.48      1500.00      0.00     1.00       0.0000    0.0000
     27.54      1500.00      0.00     1.00       0.0000    0.0000
     27.59      1500.00      0.00     1.00       0.0000    0.0000
     27.64      1500.00      0.00     1.00       0.0000    0.0000
     27.69      1500.00      0.00     1.00       0.0000    0.0000
     27.74      1500.00      0.00     1.00       0.0000    0.0000
     27.80      1500.00      0.00     1.00       0.0000    0.0000
     27.85      1500.00      0.00     1.00       0.0000    0.0000
     27.90      1500.00      0.00     1.00       0.0000    0.0000
     27.95      1500.00      0.00     1.00       0.0000    0.0000
     28.00      1500.00      0.00     1.00       0.0000    0.0000
     28.06      1500.00      0.00     1.00       0.0000    0.0000
     28.11      1500.00      0.00     1.00       0.0000    0.0000
     28.16      1500.00      0.00     1.00       0.0000    0.0000
     28.21      1500.00      0.00     1.00       0.0000    0.0000
     28.26      1500.00      0.00     1.00       0.0000    0.0000
     28.32      1500.00      0.00     1.00       0.0000    0.0000
     28.37      1500.00      0.00     1.00       0.0000    0.0000
     28.42      1500.00      0.00     1.00       0.0000    0.0000
     28.47      1500.00      0.00     1.00       0.0000    0.0000
     28.52      1500.00      0.00     1.00       0.0000    0.0000
     28.58      1500.00      0.00     1.00       0.0000    0.0000
     28.63      1500.00      0.00     1.00       0.0000    0.0000
     28.68      1500.00      0.00     1.00       0.0000    0.0000
     28.73      1500.00      0.00     1.00       0.0000    0.0000
     28.78      1500.00      0.00     1.00       0.0000    0.0000
     28.84      1500.00      0.00     1.00       0.0000    0.0000
     28.89      1500.00      0.00     1.00       0.0000    0.0000
     28.94      1500.00      0.00     1.00       0.0000    0.0000
     28.99      1500.00      0.00     1.00       0.0000    0.0000
     29.05      1500.00      0.00     1.00       0.0000    0.0000
     29.10      1500.00      0.00     1.00       0.0000    0.0000
     29.15      1500.00      0.00     1.00       0.0000    0.0000
     29.20      1500.00      0.00     1.00       0.0000    0.0000
     29.25      1500.00      0.00     1.00       0.0000    0.0000
     29.31      1500.00      0.00     1.00       0.0000    0.0000
     29.36      1500.00      0.00     1.00       0.0000    0.0000
     29.41      1500.00      0.00     1.00       0.0000    0.0000
     29.46      1500.00      0.00     1.00       0.0000    0.0000
     29.51      1500.00      0.00     1.00       0.0000    0.0000
     29.57      1500.00      0.00     1.00       0.0000    0.0000
     29.62      1500.00      0.00     1.00       0.0000    0.0000
     29.67      1500.00      0.00     1.00       0.0000    0.0000
     29.72      1500.00      0.00     1.00       0.0000    0.0000
     29.77      1500.00      0.00     1.00       0.0000    0.0000
     29.83      1500.00      0.00     1.00       0.0000    0.0000
     29.88      1500.00      0.00     1.00       0.0000    0.0000
     29.93      1500.00      0.00     1.00       0.0000    0.0000
     29.98      1500.00      0.00     1.00       0.0000    0.0000
     30.03      1500.00      0.00     1.00       0.0000    0.0000
     30.09      1500.00      0.00     1.00       0.0000    0.0000
     30.14      1500.00      0.00     1.00       0.0000    0.0000
     30.19      1500.00      0.00     1.00       0.0000    0.0000
     30.24      1500.00      0.00     1.00       0.0000    0.0000
     30.29      1500.00      0.00     1.00       0.0000    0.0000
     30.35      1500.00      0.00     1.00       0.0000    0.0000
     30.40      1500.00      0.00     1.00       0.0000    0.0000
     30.45      1500.00      0.00     1.00       0.0000    0.0000
     30.50      1500.00      0.00     1.00       0.0000    0.0000
     30.55      1500.00      0.00     1.00       0.0000    0.0000
     30.61      1500.00      0.00     1.00       0.0000    0.0000
     30.66      1500.00      0.00     1.00       0.0000    0.0000
     30.71      1500.00      0.00     1.00       0.0000    0.0000
     30.76      1500.00      0.00     1.00       0.0000    0.0000
     30.81      1500.00      0.00     1.00       0.0000    0.0000
     30.87      1500.00      0.00     1.00       0.0000    0.0000
     30.92      1500.00      0.00     1.00       0.0000    0.0000
     30.97      1500.00      0.00     1.00       0.0000    0.0000
     31.02      1500.00      0.00     1.00       0.0000    0.0000
     31.08      1500.00      0.00     1.00       0.0000    0.0000
     31.13      1500.00      0.00     1.00       0.0000    0.0000
     31.18      1500.00      0.00     1.00       0.0000    0.0000
     31.23      1500.00      0.00     1.00       0.0000    0.0000
     31.28      1500.00      0.00     1.00       0.0000    0.0000
     31.34      1500.00      0.00     1.00       0.0000    0.0000
     31.39      1500.00      0.00     1.00       0.0000    0.0000
     31.44      1500.00      0.00     1.00       0.0000    0.0000
     31.49      1500.00      0.00     1.00       0.0000    0.0000
     31.54      1500.00      0.00     1.00       0.0000    0.0000
     31.60      1500.00      0.00     1.00       0.0000    0.0000
     31.65      1500.00      0.00     1.00       0.0000    0.0000
     31.70      1500.00      0.00     1.00       0.0000    0.0000
     31.75      1500.00      0.00     1.00       0.0000    0.0000
     31.80      1500.00      0.00     1.00       0.0000    0.0000
     31.86      1500.00      0.00     1.00       0.0000    0.0000
     31.91      1500.00      0.00     1.00       0.0000    0.0000
     31.96      1500.00      0.00     1.00       0.0000    0.0000
     32.01      1500.00      0.00     1.00       0.0000    0.0000
     32.06      1500.00      0.00     1.00       0.0000    0.0000
     32.12      1500.00      0.00     1.00       0.0000    0.0000
     32.17      1500.00      0.00     1.00       0.0000    0.0000
     32.22      1500.00      0.00     1.00       0.0000    0.0000
     32.27      1500.00      0.00     1.00       0.0000    0.0000
     32.32      1500.00      0.00     1.00       0.0000    0.0000
     32.38      1500.00      0.00     1.00       0.0000    0.0000
     32.43      1500.00      0.00     1.00       0.0000    0.0000
     32.48      1500.00      0.00     1.00       0.0000    0.0000
     32.53      1500.00      0.00     1.00       0.0000    0.0000
     32.58      1500.00      0.00     1.00       0.0000    0.0000
     32.64      1500.00      0.00     1.00       0.0000    0.0000
     32.69      1500.00      0.00     1.00       0.0000    0.0000
     32.74      1500.00      0.00     1.00       0.0000    0.0000
     32.79      1500.00      0.00     1.00       0.0000    0.0000
     32.84      1500.00      0.00     1.00       0.0000    0.0000
     32.90      1500.00      0.00     1.00       0.0000    0.0000
     32.95      1500.00      0.00     1.00       0.0000    0.0000
     33.00      1500.00      0.00     1.00       0.0000    0.0000
     33.05      1500.00      0.00     1.00       0.0000    0.0000
     33.11      1500.00      0.00     1.00       0.0000    0.0000
     33.16      1500.00      0.00     1.00       0.0000    0.0000
     33.21      1500.00      0.00     1.00       0.0000    0.0000
     33.26      1500.00      0.00     1.00       0.0000    0.0000
     33.31      1500.00      0.00     1.00       0.0000    0.0000
     33.37      1500.00      0.00     1.00       0.0000    0.0000
     33.42      1500.00      0.00     1.00       0.0000    0.0000
     33.47      1500.00      0.00     1.00       0.0000    0.0000
     33.52      1500.00      0.00     1.00       0.0000    0.0000
     33.57      1500.00      0.00     1.00       0.0000    0.0000
     33.63      1500.00      0.00     1.00       0.0000    0.0000
     33.68      1500.00      0.00     1.00       0.0000    0.0000
     33.73      1500.00      0.00     1.00       0.0000    0.0000
     33.78      1500.00      0.00     1.00       0.0000    0.0000
     33.83      1500.00      0.00     1.00       0.0000    0.0000
     33.89      1500.00      0.00     1.00       0.0000    0.0000
     33.94      1500.00      0.00     1.00       0.0000    0.0000
     33.99      1500.00      0.00     1.00       0.0000    0.0000
     34.04      1500.00      0.00     1.00       0.0000    0.0000
     34.09      1500.00      0.00     1.00       0.0000    0.0000
     34.15      1500.00      0.00     1.00       0.0000    0.0000
     34.20      1500.00      0.00     1.00       0.0000    0.0000
     34.25      1500.00      0.00     1.00       0.0000    0.0000
     34.30      1500.00      0.00     1.00       0.0000    0.0000
     34.35      1500.00      0.00     1.00       0.0000    0.0000
     34.41      1500.00      0.00     1.00       0.0000    0.0000
     34.46      1500.00      0.00     1.00       0.0000    0.0000
     34.51      1500.00      0.00     1.00       0.0000    0.0000
     34.56      1500.00      0.00     1.00       0.0000    0.0000
     34.61      1500.00      0.00     1.00       0.0000    0.0000
     34.67      1500.00      0.00     1.00       0.0000    0.0000
     34.72      1500.00      0.00     1.00       0.0000    0.0000
     34.77      1500.00      0.00     1.00       0.0000    0.0000
     34.82      1500.00      0.00     1.00       0.0000    0.0000
     34.87      1500.00      0.00     1.00       0.0000    0.0000
     34.93      1500.00      0.00     1.00       0.0000    0.0000
     34.98      1500.00      0.00     1.00       0.0000    0.0000
     35.03      1500.00      0.00     1.00       0.0000    0.0000
     35.08      1500.00      0.00     1.00       0.0000    0.0000
     35.14      1500.00      0.00     1.00       0.0000    0.0000
     35.19      1500.00      0.00     1.00       0.0000    0.0000
     35.24      1500.00      0.00     1.00       0.0000    0.0000
     35.29      1500.00      0.00     1.00       0.0000    0.0000
     35.34      1500.00      0.00     1.00       0.0000    0.0000
     35.40      1500.00      0.00     1.00       0.0000    0.0000
     35.45      1500.00      0.00     1.00       0.0000    0.0000
     35.50      1500.00      0.00     1.00       0.0000    0.0000
     35.55      1500.00      0.00     1.00       0.0000    0.0000
     35.60      1500.00      0.00     1.00       0.0000    0.0000
     35.66      1500.00      0.00     1.00       0.0000    0.0000
     35.71      1500.00      0.00     1.00       0.0000    0.0000
     35.76      1500.00      0.00     1.00       0.0000    0.0000
     35.81      1500.00      0.00     1.00       0.0000    0.0000
     35.86      1500.00      0.00     1.00       0.0000    0.0000
     35.92      1500.00      0.00     1.00       0.0000    0.0000
     35.97      1500.00      0.00     1.00       0.0000    0.0000
     36.02      1500.00      0.00     1.00       0.0000    0.0000
     36.07      1500.00      0.00     1.00       0.0000    0.0000
     36.12      1500.00      0.00     1.00       0.0000    0.0000
     36.18      1500.00      0.00     1.00       0.0000    0.0000
     36.23      1500.00      0.00     1.00       0.0000    0.0000
     36.28      1500.00      0.00     1.00       0.0000    0.0000
     36.33      1500.00      0.00     1.00       0.0000    0.0000
     36.38      1500.00      0.00     1.00       0.0000    0.0000
     36.44      1500.00      0.00     1.00       0.0000    0.0000
     36.49      1500.00      0.00     1.00       0.0000    0.0000
     36.54      1500.00      0.00     1.00       0.0000    0.0000
     36.59      1500.00      0.00     1.00       0.0000    0.0000
     36.64      1500.00      0.00     1.00       0.0000    0.0000
     36.70      1500.00      0.00     1.00       0.0000    0.0000
     36.75      1500.00      0.00     1.00       0.0000    0.0000
     36.80      1500.00      0.00     1.00       0.0000    0.0000
     36.85      1500.00      0.00     1.00       0.0000    0.0000
     36.90      1500.00      0.00     1.00       0.0000    0.0000
     36.96      1500.00      0.00     1.00       0.0000    0.0000
     37.01      1500.00      0.00     1.00       0.0000    0.0000
     37.06      1500.00      0.00     1.00       0.0000    0.0000
     37.11      1500.00      0.00     1.00       0.0000    0.0000
     37.17      1500.00      0.00     1.00       0.0000    0.0000
     37.22      1500.00      0.00     1.00       0.0000    0.0000
     37.27      1500.00      0.00     1.00       0.0000    0.0000
     37.32      1500.00      0.00     1.00       0.0000    0.0000
     37.37      1500.00      0.00     1.00       0.0000    0.0000
     37.43      1500.00      0.00     1.00       0.0000    0.0000
     37.48      1500.00      0.00     1.00       0.0000    0.0000
     37.53      1500.00      0.00     1.00       0.0000    0.0000
     37.58      1500.00      0.00     1.00       0.0000    0.0000
     37.63      1500.00      0.00     1.00       0.0000    0.0000
     37.69      1500.00      0.00     1.00       0.0000    0.0000
     37.74      1500.00      0.00     1.00       0.0000    0.0000
     37.79      1500.00      0.00     1.00       0.0000    0.0000
     37.84      1500.00      0.00     1.00       0.0000    0.0000
     37.89      1500.00      0.00     1.00       0.0000    0.0000
     37.95      1500.00      0.00     1.00       0.0000    0.0000
     38.00      1500.00      0.00     1.00       0.0000    0.0000
     38.05      1500.00      0.00     1.00       0.0000    0.0000
     38.10      1500.00      0.00     1.00       0.0000    0.0000
     38.15      1500.00      0.00     1.00       0.0000    0.0000
     38.21      1500.00      0.00     1.00       0.0000    0.0000
     38.26      1500.00      0.00     1.00       0.0000    0.0000
     38.31      1500.00      0.00     1.00       0.0000    0.0000
     38.36      1500.00      0.00     1.00       0.0000    0.0000
     38.41      1500.00      0.00     1.00       0.0000    0.0000
     38.47      1500.00      0.00     1.00       0.0000    0.0000
     38.52      1500.00      0.00     1.00       0.0000    0.0000
     38.57      1500.00      0.00     1.00       0.0000    0.0000
     38.62      1500.00      0.00     1.00       0.0000    0.0000
     38.67      1500.00      0.00     1.00       0.0000    0.0000
     38.73      1500.00      0.00     1.00       0.0000    0.0000
     38.78      1500.00      0.00     1.00       0.0000    0.0000
     38.83      1500.00      0.00     1.00       0.0000    0.0000
     38.88      1500.00      0.00     1.00       0.0000    0.0000
     38.93      1500.00      0.00     1.00       0.0000    0.0000
     38.99      1500.00      0.00     1.00       0.0000    0.0000
     39.04      1500.00      0.00     1.00       0.0000    0.0000
     39.09      1500.00      0.00     1.00       0.0000    0.0000
     39.14      1500.00      0.00     1.00       0.0000    0.0000
     39.20      1500.00      0.00     1.00       0.0000    0.0000
     39.25      1500.00      0.00     1.00       0.0000    0.0000
     39.30      1500.00      0.00     1.00       0.0000    0.0000
     39.35      1500.00      0.00     1.00       0.0000    0.0000
     39.40      1500.00      0.00     1.00       0.0000    0.0000
     39.46      1500.00      0.00     1.00       0.0000    0.0000
     39.51      1500.00      0.00     1.00       0.0000    0.0000
     39.56      1500.00      0.00     1.00       0.0000    0.0000
     39.61      1500.00      0.00     1.00       0.0000    0.0000
     39.66      1500.00      0.00     1.00       0.0000    0.0000
     39.72      1500.00      0.00     1.00       0.0000    0.0000
     39.77      1500.00      0.00     1.00       0.0000    0.0000
     39.82      1500.00      0.00     1.00       0.0000    0.0000
     39.87      1500.00      0.00     1.00       0.0000    0.0000
     39.92      1500.00      0.00     1.00       0.0000    0.0000
     39.98      1500.00      0.00     1.00       0.0000    0.0000
     40.03      1500.00      0.00     1.00       0.0000    0.0000
     40.08      1500.00      0.00     1.00       0.0000    0.0000
     40.13      1500.00      0.00     1.00       0.0000    0.0000
     40.18      1500.00      0.00     1.00       0.0000    0.0000
     40.24      1500.00      0.00     1.00       0.0000    0.0000
     40.29      1500.00      0.00     1.00       0.0000    0.0000
     40.34      1500.00      0.00     1.00       0.0000    0.0000
     40.39      1500.00      0.00     1.00       0.0000    0.0000
     40.44      1500.00      0.00     1.00       0.0000    0.0000
     40.50      1500.00      0.00     1.00       0.0000    0.0000
     40.55      1500.00      0.00     1.00       0.0000    0.0000
     40.60      1500.00      0.00     1.00       0.0000    0.0000
     40.65      1500.00      0.00     1.00       0.0000    0.0000
     40.70      1500.00      0.00     1.00       0.0000    0.0000
     40.76      1500.00      0.00     1.00       0.0000    0.0000
     40.81      1500.00      0.00     1.00       0.0000    0.0000
     40.86      1500.00      0.00     1.00       0.0000    0.0000
     40.91      1500.00      0.00     1.00       0.0000    0.0000
     40.96      1500.00      0.00     1.00       0.0000    0.0000
     41.02      1500.00      0.00     1.00       0.0000    0.0000
     41.07      1500.00      0.00     1.00       0.0000    0.0000
     41.12      1500.00      0.00     1.00       0.0000    0.0000
     41.17      1500.00      0.00     1.00       0.0000    0.0000
     41.23      1500.00      0.00     1.00       0.0000    0.0000
     41.28      1500.00      0.00     1.00       0.0000    0.0000
     41.33      1500.00      0.00     1.00       0.0000    0.0000
     41.38      1500.00      0.00     1.00       0.0000    0.0000
     41.43      1500.00      0.00     1.00       0.0000    0.0000
     41.49      1500.00      0.00     1.00       0.0000    0.0000
     41.54      1500.00      0.00     1.00       0.0000    0.0000
     41.59      1500.00      0.00     1.00       0.0000    0.0000
     41.64      1500.00      0.00     1.00       0.0000    0.0000
     41.69      1500.00      0.00     1.00       0.0000    0.0000
     41.75      1500.00      0.00     1.00       0.0000    0.0000
     41.80      1500.00      0.00     1.00       0.0000    0.0000
     41.85      1500.00      0.00     1.00       0.0000    0.0000
     41.90      1500.00      0.00     1.00       0.0000    0.0000
     41.95      1500.00      0.00     1.00       0.0000    0.0000
     42.01      1500.00      0.00     1.00       0.0000    0.0000
     42.06      1500.00      0.00     1.00       0.0000    0.0000
     42.11      1500.00      0.00     1.00       0.0000    0.0000
     42.16      1500.00      0.00     1.00       0.0000    0.0000
     42.21      1500.00      0.00     1.00       0.0000    0.0000
     42.27      1500.00      0.00     1.00       0.0000    0.0000
     42.32      1500.00      0.00     1.00       0.0000    0.0000
     42.37      1500.00      0.00     1.00       0.0000    0.0000
     42.42      1500.00      0.00     1.00       0.0000    0.0000
     42.47      1500.00      0.00     1.00       0.0000    0.0000
     42.53      1500.00      0.00     1.00       0.0000    0.0000
     42.58      1500.00      0.00     1.00       0.0000    0.0000
     42.63      1500.00      0.00     1.00       0.0000    0.0000
     42.68      1500.00      0.00     1.00       0.0000    0.0000
     42.73      1500.00      0.00     1.00       0.0000    0.0000
     42.79      1500.00      0.00     1.00       0.0000    0.0000
     42.84      1500.00      0.00     1.00       0.0000    0.0000
     42.89      1500.00      0.00     1.00       0.0000    0.0000
     42.94      1500.00      0.00     1.00       0.0000    0.0000
     42.99      1500.00      0.00     1.00       0.0000    0.0000
     43.05      1500.00      0.00     1.00       0.0000    0.0000
     43.10      1500.00      0.00     1.00       0.0000    0.0000
     43.15      1500.00      0.00     1.00       0.0000    0.0000
     43.20      1500.00      0.00     1.00       0.0000    0.0000
     43.26      1500.00      0.00     1.00       0.0000    0.0000
     43.31      1500.00      0.00     1.00       0.0000    0.0000
     43.36      1500.00      0.00     1.00       0.0000    0.0000
     43.41      1500.00      0.00     1.00       0.0000    0.0000
     43.46      1500.00      0.00     1.00       0.0000    0.0000
     43.52      1500.00      0.00     1.00       0.0000    0.0000
     43.57      1500.00      0.00     1.00       0.0000    0.0000
     43.62      1500.00      0.00     1.00       0.0000    0.0000
     43.67      1500.00      0.00     1.00       0.0000    0.0000
     43.72      1500.00      0.00     1.00       0.0000    0.0000
     43.78      1500.00      0.00     1.00       0.0000    0.0000
     43.83      1500.00      0.00     1.00       0.0000    0.0000
     43.88      1500.00      0.00     1.00       0.0000    0.0000
     43.93      1500.00      0.00     1.00       0.0000    0.0000
     43.98      1500.00      0.00     1.00       0.0000    0.0000
     44.04      1500.00      0.00     1.00       0.0000    0.0000
     44.09      1500.00      0.00     1.00       0.0000    0.0000
     44.14      1500.00      0.00     1.00       0.0000    0.0000
     44.19      1500.00      0.00     1.00       0.0000    0.0000
     44.24      1500.00      0.00     1.00       0.0000    0.0000
     44.30      1500.00      0.00     1.00       0.0000    0.0000
     44.35      1500.00      0.00     1.00       0.0000    0.0000
     44.40      1500.00      0.00     1.00       0.0000    0.0000
     44.45      1500.00      0.00     1.00       0.0000    0.0000
     44.50      1500.00      0.00     1.00       0.0000    0.0000
     44.56      1500.00      0.00     1.00       0.0000    0.0000
     44.61      1500.00      0.00     1.00       0.0000    0.0000
     44.66      1500.00      0.00     1.00       0.0000    0.0000
     44.71      1500.00      0.00     1.00       0.0000    0.0000
     44.76      1500.00      0.00     1.00       0.0000    0.0000
     44.82      1500.00      0.00     1.00       0.0000    0.0000
     44.87      1500.00      0.00     1.00       0.0000    0.0000
     44.92      1500.00      0.00     1.00       0.0000    0.0000
     44.97      1500.00      0.00     1.00       0.0000    0.0000
     45.03      1500.00      0.00     1.00       0.0000    0.0000
     45.08      1500.00      0.00     1.00       0.0000    0.0000
     45.13      1500.00      0.00     1.00       0.0000    0.0000
     45.18      1500.00      0.00     1.00       0.0000    0.0000
     45.23      1500.00      0.00     1.00       0.0000    0.0000
     45.29      1500.00      0.00     1.00       0.0000    0.0000
     45.34      1500.00      0.00     1.00       0.0000    0.0000
     45.39      1500.00      0.00     1.00       0.0000    0.0000
     45.44      1500.00      0.00     1.00       0.0000    0.0000
     45.49      1500.00      0.00     1.00       0.0000    0.0000
     45.55      1500.00      0.00     1.00       0.0000    0.0000
     45.60      1500.00      0.00     1.00       0.0000    0.0000
     45.65      1500.00      0.00     1.00       0.0000    0.0000
     45.70      1500.00      0.00     1.00       0.0000    0.0000
     45.75      1500.00      0.00     1.00       0.0000    0.0000
     45.81      1500.00      0.00     1.00       0.0000    0.0000
     45.86      1500.00      0.00     1.00       0.0000    0.0000
     45.91      1500.00      0.00     1.00       0.0000    0.0000
     45.96      1500.00      0.00     1.00       0.0000    0.0000
     46.01      1500.00      0.00     1.00       0.0000    0.0000
     46.07      1500.00      0.00     1.00       0.0000    0.0000
     46.12      1500.00      0.00     1.00       0.0000    0.0000
     46.17      1500.00      0.00     1.00       0.0000    0.0000
     46.22      1500.00      0.00     1.00       0.0000    0.0000
     46.27      1500.00      0.00     1.00       0.0000    0.0000
     46.33      1500.00      0.00     1.00       0.0000    0.0000
     46.38      1500.00      0.00     1.00       0.0000    0.0000
     46.43      1500.00      0.00     1.00       0.0000    0.0000
     46.48      1500.00      0.00     1.00       0.0000    0.0000
     46.53      1500.00      0.00     1.00       0.0000    0.0000
     46.59      1500.00      0.00     1.00       0.0000    0.0000
     46.64      1500.00      0.00     1.00       0.0000    0.0000
     46.69      1500.00      0.00     1.00       0.0000    0.0000
     46.74      1500.00      0.00     1.00       0.0000    0.0000
     46.79      1500.00      0.00     1.00       0.0000    0.0000
     46.85      1500.00      0.00     1.00       0.0000    0.0000
     46.90      1500.00      0.00     1.00       0.0000    0.0000
     46.95      1500.00      0.00     1.00       0.0000    0.0000
     47.00      1500.00      0.00     1.00       0.0000    0.0000
     47.06      1500.00      0.00     1.00       0.0000    0.0000
     47.11      1500.00      0.00     1.00       0.0000    0.0000
     47.16      1500.00      0.00     1.00       0.0000    0.0000
     47.21      1500.00      0.00     1.00       0.0000    0.0000
     47.26      1500.00      0.00     1.00       0.0000    0.0000
     47.32      1500.00      0.00     1.00       0.0000    0.0000
     47.37      1500.00      0.00     1.00       0.0000    0.0000
     47.42      1500.00      0.00     1.00       0.0000    0.0000
     47.47      1500.00      0.00     1.00       0.0000    0.0000
     47.52      1500.00      0.00     1.00       0.0000    0.0000
     47.58      1500.00      0.00     1.00       0.0000    0.0000
     47.63      1500.00      0.00     1.00       0.0000    0.0000
     47.68      1500.00      0.00     1.00       0.0000    0.0000
     47.73      1500.00      0.00     1.00       0.0000    0.0000
     47.78      1500.00      0.00     1.00       0.0000    0.0000
     47.84      1500.00      0.00     1.00       0.0000    0.0000
     47.89      1500.00      0.00     1.00       0.0000    0.0000
     47.94      1500.00      0.00     1.00       0.0000    0.0000
     47.99      1500.00      0.00     1.00       0.0000    0.0000
     48.04      1500.00      0.00     1.00       0.0000    0.0000
     48.10      1500.00      0.00     1.00       0.0000    0.0000
     48.15      1500.00      0.00     1.00       0.0000    0.0000
     48.20      1500.00      0.00     1.00       0.0000    0.0000
     48.25      1500.00      0.00     1.00       0.0000    0.0000
     48.30      1500.00      0.00     1.00       0.0000    0.0000
     48.36      1500.00      0.00     1.00       0.0000    0.0000
     48.41      1500.00      0.00     1.00       0.0000    0.0000
     48.46      1500.00      0.00     1.00       0.0000    0.0000
     48.51      1500.00      0.00     1.00       0.0000    0.0000
     48.56      1500.00      0.00     1.00       0.0000    0.0000
     48.62      1500.00      0.00     1.00       0.0000    0.0000
     48.67      1500.00      0.00     1.00       0.0000    0.0000
     48.72      1500.00      0.00     1.00       0.0000    0.0000
     48.77      1500.00      0.00     1.00       0.0000    0.0000
     48.82      1500.00      0.00     1.00       0.0000    0.0000
     48.88      1500.00      0.00     1.00       0.0000    0.0000
     48.93      1500.00      0.00     1.00       0.0000    0.0000
     48.98      1500.00      0.00     1.00       0.0000    0.0000
     49.03      1500.00      0.00     1.00       0.0000    0.0000
     49.09      1500.00      0.00     1.00       0.0000    0.0000
     49.14      1500.00      0.00     1.00       0.0000    0.0000
     49.19      1500.00      0.00     1.00       0.0000    0.0000
     49.24      1500.00      0.00     1.00       0.0000    0.0000
     49.29      1500.00      0.00     1.00       0.0000    0.0000
     49.35      1500.00      0.00     1.00       0.0000    0.0000
     49.40      1500.00      0.00     1.00       0.0000    0.0000
     49.45      1500.00      0.00     1.00       0.0000    0.0000
     49.50      1500.00      0.00     1.00       0.0000    0.0000
     49.55      1500.00      0.00     1.00       0.0000    0.0000
     49.61      1500.00      0.00     1.00       0.0000    0.0000
     49.66      1500.00      0.00     1.00       0.0000    0.0000
     49.71      1500.00      0.00     1.00       0.0000    0.0000
     49.76      1500.00      0.00     1.00       0.0000    0.0000
     49.81      1500.00      0.00     1.00       0.0000    0.0000
     49.87      1500.00      0.00     1.00       0.0000    0.0000
     49.92      1500.00      0.00     1.00       0.0000    0.0000
     49.97      1500.00      0.00     1.00       0.0000    0.0000
     50.02      1500.00      0.00     1.00       0.0000    0.0000
     50.07      1500.00      0.00     1.00       0.0000    0.0000
     50.13      1500.00      0.00     1.00       0.0000    0.0000
     50.18      1500.00      0.00     1.00       0.0000    0.0000
     50.23      1500.00      0.00     1.00       0.0000    0.0000
     50.28      1500.00      0.00     1.00       0.0000    0.0000
     50.33      1500.00      0.00     1.00       0.0000    0.0000
     50.39      1500.00      0.00     1.00       0.0000    0.0000
     50.44      1500.00      0.00     1.00       0.0000    0.0000
     50.49      1500.00      0.00     1.00       0.0000    0.0000
     50.54      1500.00      0.00     1.00       0.0000    0.0000
     50.59      1500.00      0.00     1.00       0.0000    0.0000
     50.65      1500.00      0.00     1.00       0.0000    0.0000
     50.70      1500.00      0.00     1.00       0.0000    0.0000
     50.75      1500.00      0.00     1.00       0.0000    0.0000
     50.80      1500.00      0.00     1.00       0.0000    0.0000
     50.85      1500.00      0.00     1.00       0.0000    0.0000
     50.91      1500.00      0.00     1.00       0.0000    0.0000
     50.96      1500.00      0.00     1.00       0.0000    0.0000
     51.01      1500.00      0.00     1.00       0.0000    0.0000
     51.06      1500.00      0.00     1.00       0.0000    0.0000
     51.12      1500.00      0.00     1.00       0.0000    0.0000
     51.17      1500.00      0.00     1.00       0.0000    0.0000
     51.22      1500.00      0.00     1.00       0.0000    0.0000
     51.27      1500.00      0.00     1.00       0.0000    0.0000
     51.32      1500.00      0.00     1.00       0.0000    0.0000
     51.38      1500.00      0.00     1.00       0.0000    0.0000
     51.43      1500.00      0.00     1.00       0.0000    0.0000
     51.48      1500.00      0.00     1.00       0.0000    0.0000
     51.53      1500.00      0.00     1.00       0.0000    0.0000
     51.58      1500.00      0.00     1.00       0.0000    0.0000
     51.64      1500.00      0.00     1.00       0.0000    0.0000
     51.69      1500.00      0.00     1.00       0.0000    0.0000
     51.74      1500.00      0.00     1.00       0.0000    0.0000
     51.79      1500.00      0.00     1.00       0.0000    0.0000
     51.84      1500.00      0.00     1.00       0.0000    0.0000
     51.90      1500.00      0.00     1.00       0.0000    0.0000
     51.95      1500.00      0.00     1.00       0.0000    0.0000
     52.00      1500.00      0.00     1.00       0.0000    0.0000

                                 ( RMS roughness =   0.00     )
     Bathymetry file selected
     ACOUSTO-ELASTIC half-space
     52.00      1495.00      0.00     1.63       0.0700    0.0000

 __________________________________________________________________________

 Number of Source   depths, Sz =            1
 Source   depths, Sz (m)
   4.50000    


 __________________________________________________________________________

 Number of Receiver depths, Rz =          574
 Receiver depths, Rz (m)
   0.00000      0.907504E-01  0.181501      0.272251      0.363002    
  0.453752      0.544503      0.635253      0.726003      0.816754    
          ... 
   52.0000    


 __________________________________________________________________________

 Number of Receiver ranges, Rr =          766
 Receiver ranges, Rr (km)
   0.00000      0.653595E-01  0.130719      0.196078      0.261438    
  0.326797      0.392157      0.457516      0.522876      0.588235    
          ... 
   50.0000    


 Semi-coherent TL calculation
 Geometric gaussian beams in Cartesian coordinates
 Point source (cylindrical coordinates)
 Rectilinear receiver grid: Receivers at Rr( : ) x Rz( : )
 __________________________________________________________________________

 Number of beams in elevation   =         1500
 Beam take-off angles (degrees)
  -90.0000      -89.8799      -89.7598      -89.6398      -89.5197    
  -89.3996      -89.2795      -89.1594      -89.0394      -88.9193    
          ... 
   90.0000    

 __________________________________________________________________________


 Step length,       deltas =   0.000     m

 Maximum ray depth, Box%z  =   57.20     m
 Maximum ray range, Box%r  =   50.00    km
 No beam shift in effect

 __________________________________________________________________________

 Using bottom-bathymetry file
 Piecewise linear interpolation
 Number of bathymetry points =          100

 Short format (bathymetry only)
  Range (km)  Depth (m)
   0.00       52.0    
  0.505       52.0    
   1.01       52.0    
   1.52       52.0    
   2.02       52.0    
   2.53       52.0    
   3.03       52.0    
   3.54       52.0    
   4.04       52.0    
   4.55       52.0    
   5.05       52.0    
   5.56       52.0    
   6.06       52.0    
   6.57       52.0    
   7.07       52.0    
   7.58       52.0    
   8.08       52.0    
   8.59       52.0    
   9.09       52.0    

 Step length,       deltas =   5.200     m (automatically selected)

Tracing beam       1    -90.00

 Geometric Gaussian beams                
 halfwidth  =    22.782068141979547     
 epsilonOpt =  (  0.0000000000000000     ,  16305576.777659971     )
 EpsMult    =    1.0000000000000000     

Tracing beam      31    -86.40
Tracing beam      61    -82.80
Tracing beam      91    -79.19
Tracing beam     121    -75.59
Tracing beam     151    -71.99
Tracing beam     181    -68.39
Tracing beam     211    -64.78
Tracing beam     241    -61.18
Tracing beam     271    -57.58
Tracing beam     301    -53.98
Tracing beam     331    -50.37
Tracing beam     361    -46.77
Tracing beam     391    -43.17
Tracing beam     421    -39.57
Tracing beam     451    -35.96
Tracing beam     481    -32.36
Tracing beam     511    -28.76
Tracing beam     541    -25.16
Tracing beam     571    -21.55
Tracing beam     601    -17.95
Tracing beam     631    -14.35
Tracing beam     661    -10.75
Tracing beam     691     -7.14
Tracing beam     721     -3.54
Tracing beam     751      0.06
Tracing beam     781      3.66
Tracing beam     811      7.26
Tracing beam     841     10.87
Tracing beam     871     14.47
Tracing beam     901     18.07
Tracing beam     931     21.67
Tracing beam     961     25.28
Tracing beam     991     28.88
Tracing beam    1021     32.48
Tracing beam    1051     36.08
Tracing beam    1081     39.69
Tracing beam    1111     43.29
Tracing beam    1141     46.89
Tracing beam    1171     50.49
Tracing beam    1201     54.10
Tracing beam    1231     57.70
Tracing beam    1261     61.30
Tracing beam    1291     64.90
Tracing beam    1321     68.51
Tracing beam    1351     72.11
Tracing beam    1381     75.71
Tracing beam    1411     79.31
Tracing beam    1441     82.92
Tracing beam    1471     86.52

 CPU Time =        12.3    s
